<?xml version="1.0" encoding="UTF-8"?>
<testsuite xmlns:xsi="http://www.w3.org/2001/XMLSchema-instance" xsi:noNamespaceSchemaLocation="https://maven.apache.org/surefire/maven-surefire-plugin/xsd/surefire-test-report.xsd" name="com.example.AppTest" time="0.022" tests="1" errors="0" skipped="0" failures="0">
  <properties>
    <property name="java.specification.version" value="23"/>
    <property name="sun.cpu.isalist" value="amd64"/>
    <property name="sun.jnu.encoding" value="Cp1252"/>
    <property name="java.class.path" value="C:\VsCodeProjects\Java\clone1\target\test-classes;C:\VsCodeProjects\Java\clone1\target\classes;C:\Users\zrm9901\.m2\repository\junit\junit\4.11\junit-4.11.jar;C:\Users\zrm9901\.m2\repository\org\hamcrest\hamcrest-core\1.3\hamcrest-core-1.3.jar;C:\Users\zrm9901\.m2\repository\commons-io\commons-io\2.18.0\commons-io-2.18.0.jar;C:\Users\zrm9901\.m2\repository\org\eclipse\jgit\org.eclipse.jgit\7.1.0.202411261347-r\org.eclipse.jgit-7.1.0.202411261347-r.jar;C:\Users\zrm9901\.m2\repository\com\googlecode\javaewah\JavaEWAH\1.2.3\JavaEWAH-1.2.3.jar;C:\Users\zrm9901\.m2\repository\org\slf4j\slf4j-api\1.7.36\slf4j-api-1.7.36.jar;C:\Users\zrm9901\.m2\repository\commons-codec\commons-codec\1.17.1\commons-codec-1.17.1.jar;"/>
    <property name="java.vm.vendor" value="Oracle Corporation"/>
    <property name="sun.arch.data.model" value="64"/>
    <property name="user.variant" value=""/>
    <property name="java.vendor.url" value="https://java.oracle.com/"/>
    <property name="user.timezone" value="America/New_York"/>
    <property name="os.name" value="Windows 11"/>
    <property name="java.vm.specification.version" value="23"/>
    <property name="sun.java.launcher" value="SUN_STANDARD"/>
    <property name="user.country" value="US"/>
    <property name="sun.boot.library.path" value="C:\Users\zrm9901\Desktop\Oracle_JDK-23\bin"/>
    <property name="sun.java.command" value="C:\Users\zrm9901\AppData\Local\Temp\surefire1329965116910280830\surefirebooter17007096901590262317.jar C:\Users\zrm9901\AppData\Local\Temp\surefire1329965116910280830 2024-12-31T12-01-51_883-jvmRun1 surefire10954142239322199726tmp surefire_015339071151738655179tmp"/>
    <property name="jdk.debug" value="release"/>
    <property name="surefire.test.class.path" value="C:\VsCodeProjects\Java\clone1\target\test-classes;C:\VsCodeProjects\Java\clone1\target\classes;C:\Users\zrm9901\.m2\repository\junit\junit\4.11\junit-4.11.jar;C:\Users\zrm9901\.m2\repository\org\hamcrest\hamcrest-core\1.3\hamcrest-core-1.3.jar;C:\Users\zrm9901\.m2\repository\commons-io\commons-io\2.18.0\commons-io-2.18.0.jar;C:\Users\zrm9901\.m2\repository\org\eclipse\jgit\org.eclipse.jgit\7.1.0.202411261347-r\org.eclipse.jgit-7.1.0.202411261347-r.jar;C:\Users\zrm9901\.m2\repository\com\googlecode\javaewah\JavaEWAH\1.2.3\JavaEWAH-1.2.3.jar;C:\Users\zrm9901\.m2\repository\org\slf4j\slf4j-api\1.7.36\slf4j-api-1.7.36.jar;C:\Users\zrm9901\.m2\repository\commons-codec\commons-codec\1.17.1\commons-codec-1.17.1.jar;"/>
    <property name="sun.cpu.endian" value="little"/>
    <property name="user.home" value="C:\Users\zrm9901"/>
    <property name="user.language" value="en"/>
    <property name="java.specification.vendor" value="Oracle Corporation"/>
    <property name="java.version.date" value="2024-10-15"/>
    <property name="java.home" value="C:\Users\zrm9901\Desktop\Oracle_JDK-23"/>
    <property name="file.separator" value="\"/>
    <property name="basedir" value="C:\VsCodeProjects\Java\clone1"/>
    <property name="java.vm.compressedOopsMode" value="Zero based"/>
    <property name="line.separator" value="&#10;"/>
    <property name="java.vm.specification.vendor" value="Oracle Corporation"/>
    <property name="java.specification.name" value="Java Platform API Specification"/>
    <property name="surefire.real.class.path" value="C:\Users\zrm9901\AppData\Local\Temp\surefire1329965116910280830\surefirebooter17007096901590262317.jar"/>
    <property name="user.script" value=""/>
    <property name="sun.management.compiler" value="HotSpot 64-Bit Tiered Compilers"/>
    <property name="java.runtime.version" value="23.0.1+11-39"/>
    <property name="user.name" value="zrm9901"/>
    <property name="stdout.encoding" value="Cp1252"/>
    <property name="path.separator" value=";"/>
    <property name="os.version" value="10.0"/>
    <property name="java.runtime.name" value="Java(TM) SE Runtime Environment"/>
    <property name="file.encoding" value="UTF-8"/>
    <property name="java.vm.name" value="Java HotSpot(TM) 64-Bit Server VM"/>
    <property name="localRepository" value="C:\Users\zrm9901\.m2\repository"/>
    <property name="java.vendor.url.bug" value="https://bugreport.java.com/bugreport/"/>
    <property name="java.io.tmpdir" value="C:\Users\zrm9901\AppData\Local\Temp\"/>
    <property name="java.version" value="23.0.1"/>
    <property name="user.dir" value="C:\VsCodeProjects\Java\clone1"/>
    <property name="os.arch" value="amd64"/>
    <property name="java.vm.specification.name" value="Java Virtual Machine Specification"/>
    <property name="sun.os.patch.level" value=""/>
    <property name="native.encoding" value="Cp1252"/>
    <property name="java.library.path" value="C:\Users\zrm9901\Desktop\Oracle_JDK-23\bin;C:\WINDOWS\Sun\Java\bin;C:\WINDOWS\system32;C:\WINDOWS;C:\Program Files\Common Files\Oracle\Java\javapath;C:\Windows\System32;C:\Program Files\Git\cmd;C:\Gradle\gradle-8.12\bin;C:\apache-maven-3.9.9\bin\;C:\Users\zrm9901\AppData\Local\Programs\Python\Python313\Scripts\;C:\Users\zrm9901\AppData\Local\Programs\Python\Python313\;C:\Users\zrm9901\AppData\Local\Programs\Python\Launcher\;C:\jdk-23.0.1\bin;C:\Users\zrm9901\AppData\Local\Programs\Microsoft VS Code\bin;."/>
    <property name="java.vm.info" value="mixed mode, sharing"/>
    <property name="stderr.encoding" value="Cp1252"/>
    <property name="java.vendor" value="Oracle Corporation"/>
    <property name="java.vm.version" value="23.0.1+11-39"/>
    <property name="sun.io.unicode.encoding" value="UnicodeLittle"/>
    <property name="java.class.version" value="67.0"/>
  </properties>
  <testcase name="shouldAnswerWithTrue" classname="com.example.AppTest" time="0.002"/>
</testsuite>