<?xml version="1.0" encoding="UTF-8"?>
<testsuite xmlns:xsi="http://www.w3.org/2001/XMLSchema-instance" xsi:noNamespaceSchemaLocation="https://maven.apache.org/surefire/maven-surefire-plugin/xsd/surefire-test-report.xsd" name="com.example.AppTest" time="0.011" tests="1" errors="0" skipped="0" failures="0">
  <properties>
    <property name="java.specification.version" value="21"/>
    <property name="sun.jnu.encoding" value="UTF-8"/>
    <property name="java.class.path" value="/home/zrm9901/Java/Balatro-Mod-Fetcher/target/test-classes:/home/zrm9901/Java/Balatro-Mod-Fetcher/target/classes:/home/zrm9901/.m2/repository/com/squareup/okhttp3/okhttp/5.0.0-alpha.14/okhttp-5.0.0-alpha.14.jar:/home/zrm9901/.m2/repository/com/squareup/okio/okio-jvm/3.9.0/okio-jvm-3.9.0.jar:/home/zrm9901/.m2/repository/org/jetbrains/kotlin/kotlin-stdlib/1.9.23/kotlin-stdlib-1.9.23.jar:/home/zrm9901/.m2/repository/org/jetbrains/annotations/13.0/annotations-13.0.jar:/home/zrm9901/.m2/repository/junit/junit/4.11/junit-4.11.jar:/home/zrm9901/.m2/repository/org/hamcrest/hamcrest-core/1.3/hamcrest-core-1.3.jar:/home/zrm9901/.m2/repository/commons-io/commons-io/2.18.0/commons-io-2.18.0.jar:/home/zrm9901/.m2/repository/org/eclipse/jgit/org.eclipse.jgit/7.1.0.202411261347-r/org.eclipse.jgit-7.1.0.202411261347-r.jar:/home/zrm9901/.m2/repository/com/googlecode/javaewah/JavaEWAH/1.2.3/JavaEWAH-1.2.3.jar:/home/zrm9901/.m2/repository/org/slf4j/slf4j-api/1.7.36/slf4j-api-1.7.36.jar:/home/zrm9901/.m2/repository/commons-codec/commons-codec/1.17.1/commons-codec-1.17.1.jar:/home/zrm9901/.m2/repository/org/json/json/20240303/json-20240303.jar:"/>
    <property name="java.vm.vendor" value="Arch Linux"/>
    <property name="sun.arch.data.model" value="64"/>
    <property name="java.vendor.url" value="https://openjdk.org/"/>
    <property name="os.name" value="Linux"/>
    <property name="java.vm.specification.version" value="21"/>
    <property name="sun.java.launcher" value="SUN_STANDARD"/>
    <property name="user.country" value="US"/>
    <property name="sun.boot.library.path" value="/usr/lib/jvm/java-21-openjdk/lib"/>
    <property name="sun.java.command" value="/home/zrm9901/Java/Balatro-Mod-Fetcher/target/surefire/surefirebooter17009163062031615011.jar /home/zrm9901/Java/Balatro-Mod-Fetcher/target/surefire 2025-01-03T04-18-34_174-jvmRun1 surefire17910906833757925470tmp surefire_010787390938809849966tmp"/>
    <property name="jdk.debug" value="release"/>
    <property name="surefire.test.class.path" value="/home/zrm9901/Java/Balatro-Mod-Fetcher/target/test-classes:/home/zrm9901/Java/Balatro-Mod-Fetcher/target/classes:/home/zrm9901/.m2/repository/com/squareup/okhttp3/okhttp/5.0.0-alpha.14/okhttp-5.0.0-alpha.14.jar:/home/zrm9901/.m2/repository/com/squareup/okio/okio-jvm/3.9.0/okio-jvm-3.9.0.jar:/home/zrm9901/.m2/repository/org/jetbrains/kotlin/kotlin-stdlib/1.9.23/kotlin-stdlib-1.9.23.jar:/home/zrm9901/.m2/repository/org/jetbrains/annotations/13.0/annotations-13.0.jar:/home/zrm9901/.m2/repository/junit/junit/4.11/junit-4.11.jar:/home/zrm9901/.m2/repository/org/hamcrest/hamcrest-core/1.3/hamcrest-core-1.3.jar:/home/zrm9901/.m2/repository/commons-io/commons-io/2.18.0/commons-io-2.18.0.jar:/home/zrm9901/.m2/repository/org/eclipse/jgit/org.eclipse.jgit/7.1.0.202411261347-r/org.eclipse.jgit-7.1.0.202411261347-r.jar:/home/zrm9901/.m2/repository/com/googlecode/javaewah/JavaEWAH/1.2.3/JavaEWAH-1.2.3.jar:/home/zrm9901/.m2/repository/org/slf4j/slf4j-api/1.7.36/slf4j-api-1.7.36.jar:/home/zrm9901/.m2/repository/commons-codec/commons-codec/1.17.1/commons-codec-1.17.1.jar:/home/zrm9901/.m2/repository/org/json/json/20240303/json-20240303.jar:"/>
    <property name="sun.cpu.endian" value="little"/>
    <property name="user.home" value="/home/zrm9901"/>
    <property name="user.language" value="en"/>
    <property name="java.specification.vendor" value="Oracle Corporation"/>
    <property name="java.version.date" value="2024-10-15"/>
    <property name="java.home" value="/usr/lib/jvm/java-21-openjdk"/>
    <property name="file.separator" value="/"/>
    <property name="basedir" value="/home/zrm9901/Java/Balatro-Mod-Fetcher"/>
    <property name="java.vm.compressedOopsMode" value="Zero based"/>
    <property name="line.separator" value="&#10;"/>
    <property name="java.specification.name" value="Java Platform API Specification"/>
    <property name="java.vm.specification.vendor" value="Oracle Corporation"/>
    <property name="surefire.real.class.path" value="/home/zrm9901/Java/Balatro-Mod-Fetcher/target/surefire/surefirebooter17009163062031615011.jar"/>
    <property name="sun.management.compiler" value="HotSpot 64-Bit Tiered Compilers"/>
    <property name="java.runtime.version" value="21.0.5+11"/>
    <property name="user.name" value="zrm9901"/>
    <property name="stdout.encoding" value="UTF-8"/>
    <property name="path.separator" value=":"/>
    <property name="os.version" value="6.12.7-arch1-1"/>
    <property name="java.runtime.name" value="OpenJDK Runtime Environment"/>
    <property name="file.encoding" value="UTF-8"/>
    <property name="java.vm.name" value="OpenJDK 64-Bit Server VM"/>
    <property name="localRepository" value="/home/zrm9901/.m2/repository"/>
    <property name="java.vendor.url.bug" value="https://bugreport.java.com/bugreport/"/>
    <property name="java.io.tmpdir" value="/tmp"/>
    <property name="java.version" value="21.0.5"/>
    <property name="user.dir" value="/home/zrm9901/Java/Balatro-Mod-Fetcher"/>
    <property name="os.arch" value="amd64"/>
    <property name="java.vm.specification.name" value="Java Virtual Machine Specification"/>
    <property name="native.encoding" value="UTF-8"/>
    <property name="java.library.path" value="/usr/java/packages/lib:/usr/lib64:/lib64:/lib:/usr/lib"/>
    <property name="java.vm.info" value="mixed mode, sharing"/>
    <property name="stderr.encoding" value="UTF-8"/>
    <property name="java.vendor" value="Arch Linux"/>
    <property name="java.vm.version" value="21.0.5+11"/>
    <property name="sun.io.unicode.encoding" value="UnicodeLittle"/>
    <property name="java.class.version" value="65.0"/>
  </properties>
  <testcase name="shouldAnswerWithTrue" classname="com.example.AppTest" time="0.002"/>
</testsuite>